<?xml version="1.0" encoding="UTF-8"?>
<testsuite name="com.example.numeros.NumerosApplicationTests" tests="1" skipped="0" failures="0" errors="0" timestamp="2023-09-29T13:03:31" hostname="TIAGOPC" time="0.406">
  <properties/>
  <testcase name="contextLoads()" classname="com.example.numeros.NumerosApplicationTests" time="0.406"/>
  <system-out><![CDATA[08:03:29.731 [Test worker] DEBUG org.springframework.test.context.BootstrapUtils - Instantiating CacheAwareContextLoaderDelegate from class [org.springframework.test.context.cache.DefaultCacheAwareContextLoaderDelegate]
08:03:29.740 [Test worker] DEBUG org.springframework.test.context.BootstrapUtils - Instantiating BootstrapContext using constructor [public org.springframework.test.context.support.DefaultBootstrapContext(java.lang.Class,org.springframework.test.context.CacheAwareContextLoaderDelegate)]
08:03:29.771 [Test worker] DEBUG org.springframework.test.context.BootstrapUtils - Instantiating TestContextBootstrapper for test class [com.example.numeros.NumerosApplicationTests] from class [org.springframework.boot.test.context.SpringBootTestContextBootstrapper]
08:03:29.782 [Test worker] INFO org.springframework.boot.test.context.SpringBootTestContextBootstrapper - Neither @ContextConfiguration nor @ContextHierarchy found for test class [com.example.numeros.NumerosApplicationTests], using SpringBootContextLoader
08:03:29.786 [Test worker] DEBUG org.springframework.test.context.support.AbstractContextLoader - Did not detect default resource location for test class [com.example.numeros.NumerosApplicationTests]: class path resource [com/example/numeros/NumerosApplicationTests-context.xml] does not exist
08:03:29.786 [Test worker] DEBUG org.springframework.test.context.support.AbstractContextLoader - Did not detect default resource location for test class [com.example.numeros.NumerosApplicationTests]: class path resource [com/example/numeros/NumerosApplicationTestsContext.groovy] does not exist
08:03:29.787 [Test worker] INFO org.springframework.test.context.support.AbstractContextLoader - Could not detect default resource locations for test class [com.example.numeros.NumerosApplicationTests]: no resource found for suffixes {-context.xml, Context.groovy}.
08:03:29.787 [Test worker] INFO org.springframework.test.context.support.AnnotationConfigContextLoaderUtils - Could not detect default configuration classes for test class [com.example.numeros.NumerosApplicationTests]: NumerosApplicationTests does not declare any static, non-private, non-final, nested classes annotated with @Configuration.
08:03:29.819 [Test worker] DEBUG org.springframework.test.context.support.ActiveProfilesUtils - Could not find an 'annotation declaring class' for annotation type [org.springframework.test.context.ActiveProfiles] and class [com.example.numeros.NumerosApplicationTests]
08:03:29.879 [Test worker] DEBUG org.springframework.context.annotation.ClassPathScanningCandidateComponentProvider - Identified candidate component class: file [F:\Ejericios java\numerosReto\build\classes\java\main\com\example\numeros\NumerosApplication.class]
08:03:29.881 [Test worker] INFO org.springframework.boot.test.context.SpringBootTestContextBootstrapper - Found @SpringBootConfiguration com.example.numeros.NumerosApplication for test class com.example.numeros.NumerosApplicationTests
08:03:29.960 [Test worker] DEBUG org.springframework.boot.test.context.SpringBootTestContextBootstrapper - @TestExecutionListeners is not present for class [com.example.numeros.NumerosApplicationTests]: using defaults.
08:03:29.960 [Test worker] INFO org.springframework.boot.test.context.SpringBootTestContextBootstrapper - Loaded default TestExecutionListener class names from location [META-INF/spring.factories]: [org.springframework.boot.test.autoconfigure.restdocs.RestDocsTestExecutionListener, org.springframework.boot.test.autoconfigure.web.client.MockRestServiceServerResetTestExecutionListener, org.springframework.boot.test.autoconfigure.web.servlet.MockMvcPrintOnlyOnFailureTestExecutionListener, org.springframework.boot.test.autoconfigure.web.servlet.WebDriverTestExecutionListener, org.springframework.boot.test.autoconfigure.webservices.client.MockWebServiceServerTestExecutionListener, org.springframework.boot.test.mock.mockito.MockitoTestExecutionListener, org.springframework.boot.test.mock.mockito.ResetMocksTestExecutionListener, org.springframework.test.context.web.ServletTestExecutionListener, org.springframework.test.context.support.DirtiesContextBeforeModesTestExecutionListener, org.springframework.test.context.event.ApplicationEventsTestExecutionListener, org.springframework.test.context.support.DependencyInjectionTestExecutionListener, org.springframework.test.context.support.DirtiesContextTestExecutionListener, org.springframework.test.context.transaction.TransactionalTestExecutionListener, org.springframework.test.context.jdbc.SqlScriptsTestExecutionListener, org.springframework.test.context.event.EventPublishingTestExecutionListener]
08:03:29.971 [Test worker] DEBUG org.springframework.boot.test.context.SpringBootTestContextBootstrapper - Skipping candidate TestExecutionListener [org.springframework.test.context.transaction.TransactionalTestExecutionListener] due to a missing dependency. Specify custom listener classes or make the default listener classes and their required dependencies available. Offending class: [org/springframework/transaction/interceptor/TransactionAttributeSource]
08:03:29.972 [Test worker] DEBUG org.springframework.boot.test.context.SpringBootTestContextBootstrapper - Skipping candidate TestExecutionListener [org.springframework.test.context.jdbc.SqlScriptsTestExecutionListener] due to a missing dependency. Specify custom listener classes or make the default listener classes and their required dependencies available. Offending class: [org/springframework/transaction/interceptor/TransactionAttribute]
08:03:29.972 [Test worker] INFO org.springframework.boot.test.context.SpringBootTestContextBootstrapper - Using TestExecutionListeners: [org.springframework.test.context.web.ServletTestExecutionListener@28276e50, org.springframework.test.context.support.DirtiesContextBeforeModesTestExecutionListener@62e70ea3, org.springframework.test.context.event.ApplicationEventsTestExecutionListener@3efe7086, org.springframework.boot.test.mock.mockito.MockitoTestExecutionListener@675d8c96, org.springframework.boot.test.autoconfigure.SpringBootDependencyInjectionTestExecutionListener@741b3bc3, org.springframework.test.context.support.DirtiesContextTestExecutionListener@2ed3b1f5, org.springframework.test.context.event.EventPublishingTestExecutionListener@63648ee9, org.springframework.boot.test.autoconfigure.restdocs.RestDocsTestExecutionListener@68d6972f, org.springframework.boot.test.autoconfigure.web.client.MockRestServiceServerResetTestExecutionListener@45be7cd5, org.springframework.boot.test.autoconfigure.web.servlet.MockMvcPrintOnlyOnFailureTestExecutionListener@7651218e, org.springframework.boot.test.autoconfigure.web.servlet.WebDriverTestExecutionListener@3185fa6b, org.springframework.boot.test.autoconfigure.webservices.client.MockWebServiceServerTestExecutionListener@6d366c9b, org.springframework.boot.test.mock.mockito.ResetMocksTestExecutionListener@5b58ed3c]
08:03:29.975 [Test worker] DEBUG org.springframework.test.context.support.AbstractDirtiesContextTestExecutionListener - Before test class: context [DefaultTestContext@68759011 testClass = NumerosApplicationTests, testInstance = [null], testMethod = [null], testException = [null], mergedContextConfiguration = [WebMergedContextConfiguration@7e242b4d testClass = NumerosApplicationTests, locations = '{}', classes = '{class com.example.numeros.NumerosApplication}', contextInitializerClasses = '[]', activeProfiles = '{}', propertySourceLocations = '{}', propertySourceProperties = '{org.springframework.boot.test.context.SpringBootTestContextBootstrapper=true}', contextCustomizers = set[org.springframework.boot.test.autoconfigure.actuate.metrics.MetricsExportContextCustomizerFactory$DisableMetricExportContextCustomizer@30af5b6b, org.springframework.boot.test.autoconfigure.properties.PropertyMappingContextCustomizer@0, org.springframework.boot.test.autoconfigure.web.servlet.WebDriverContextCustomizerFactory$Customizer@16ce702d, org.springframework.boot.test.context.filter.ExcludeFilterContextCustomizer@3a5ecce3, org.springframework.boot.test.json.DuplicateJsonObjectContextCustomizerFactory$DuplicateJsonObjectContextCustomizer@388526fb, org.springframework.boot.test.mock.mockito.MockitoContextCustomizer@0, org.springframework.boot.test.web.client.TestRestTemplateContextCustomizer@4c51cf28, org.springframework.boot.test.context.SpringBootTestArgs@1, org.springframework.boot.test.context.SpringBootTestWebEnvironment@24fcf36f], resourceBasePath = 'src/main/webapp', contextLoader = 'org.springframework.boot.test.context.SpringBootContextLoader', parent = [null]], attributes = map['org.springframework.test.context.web.ServletTestExecutionListener.activateListener' -> true]], class annotated with @DirtiesContext [false] with mode [null].

  .   ____          _            __ _ _
 /\\ / ___'_ __ _ _(_)_ __  __ _ \ \ \ \
( ( )\___ | '_ | '_| | '_ \/ _` | \ \ \ \
 \\/  ___)| |_)| | | | | || (_| |  ) ) ) )
  '  |____| .__|_| |_|_| |_\__, | / / / /
 =========|_|==============|___/=/_/_/_/
 :: Spring Boot ::      (v2.7.10-SNAPSHOT)

2023-09-29 08:03:30.251  INFO 19296 --- [    Test worker] c.e.numeros.NumerosApplicationTests      : Starting NumerosApplicationTests using Java 19.0.1 on TiagoPC with PID 19296 (started by Santiago in F:\Ejericios java\numerosReto)
2023-09-29 08:03:30.252  INFO 19296 --- [    Test worker] c.e.numeros.NumerosApplicationTests      : No active profile set, falling back to 1 default profile: "default"
2023-09-29 08:03:31.455  INFO 19296 --- [    Test worker] c.e.numeros.NumerosApplicationTests      : Started NumerosApplicationTests in 1.448 seconds (JVM running for 2.61)
]]></system-out>
  <system-err><![CDATA[]]></system-err>
</testsuite>
